<?xml version="1.0" encoding="UTF-8"?>
<!-- Generated by org.testng.reporters.JUnitReportReporter -->
<testsuite skipped="0" hostname="Ahmed2-PC" name="com.crm.qa.testcases.LoginPageTest" tests="3" failures="0" timestamp="10 Jan 2019 03:12:52 GMT" time="65.071" errors="0">
  <testcase name="loginPageTittleTest" time="31.126" classname="com.crm.qa.testcases.LoginPageTest"/>
  <testcase name="crmlogoTest" time="13.810" classname="com.crm.qa.testcases.LoginPageTest"/>
  <testcase name="LoginTest" time="20.135" classname="com.crm.qa.testcases.LoginPageTest"/>
</testsuite> <!-- com.crm.qa.testcases.LoginPageTest -->
