<?xml version="1.0" encoding="UTF-8"?>
<!-- Generated by org.testng.reporters.JUnitReportReporter -->
<testsuite skipped="0" hostname="Ahmed2-PC" name="com.crm.qa.testcases.LoginPageTest" tests="3" failures="0" timestamp="12 Jan 2019 06:18:49 GMT" time="46.472" errors="0">
  <testcase name="loginPageTittleTest" time="11.803" classname="com.crm.qa.testcases.LoginPageTest"/>
  <testcase name="crmlogoTest" time="11.548" classname="com.crm.qa.testcases.LoginPageTest"/>
  <testcase name="LoginTest" time="23.121" classname="com.crm.qa.testcases.LoginPageTest"/>
</testsuite> <!-- com.crm.qa.testcases.LoginPageTest -->
